!_TAG_FILE_FORMAT	2	/extended format; --format=1 will not append ;" to lines/
!_TAG_FILE_SORTED	1	/0=unsorted, 1=sorted, 2=foldcase/
!_TAG_PROGRAM_NAME		CCTree (Vim plugin)//
!_TAG_PROGRAM_URL	http://vim.sourceforge.net/scripts/script.php?script_id=2368	/site/
0#src/showip.c		/^$/;"	c:–¡¬·ÂÍØ	p:
1#stdio.h		/^$/;"	c:	p:‹
10#memset		/^$/;"	c:¯¬Ö·à–à¡Ö¬	p:ã
100#AI_IDN_ALLOW_UNASSIGNED		/^$/;"	c:—–	p:
101#__glibc_macro_warning		/^$/;"	c:˜ª,	p:—‹—¡š‹š–
102#AI_IDN_USE_STD3_ASCII_RULES		/^$/;"	c:—–	p:
1045#/usr/include/gnu/stubs.h		/^$/;"	c:—¾‚Ø—À,	p:
1046#gnu/stubs-32.h		/^$/;"	c:	p:—½,
1047#gnu/stubs-64.h		/^$/;"	c:	p:—½,
1048#gnu/stubs-x32.h		/^$/;"	c:	p:—½,
1054#/usr/include/sys/cdefs.h		/^$/;"	c:Ÿ,	p:
1057#__LEAF_ATTR		/^$/;"	c:­,	p:
1058#__THROW		/^$/;"	c:­‚’–	p:
1059#__THROWNL		/^$/;"	c:­‚’–	p:
1060#__NTHNL		/^$/;"	c:­‚’–	p:
1061#throw		/^$/;"	c:	p:—Ë‚‘îÔÍ—Î,
1063#__glibc_clang_has_extension		/^$/;"	c:—Ò„¥‰è‚’¬	p:—Ñ,
1064#__has_extension		/^$/;"	c:	p:—Ñ,
1068#__STRING		/^$/;"	c:	p:—ç,
1072#__builtin_object_size		/^$/;"	c:	p:Ú·Ö¬
1073#__warndecl		/^$/;"	c:—İ„‹—Ş,	p:
1074#name		/^$/;"	c:	p:—Ü‚“Í
1075#__warning__		/^$/;"	c:	p:—Üˆº,
1076#__errordecl		/^$/;"	c:—İ„‹—à,	p:
1077#__error__		/^$/;"	c:	p:—ß,
1080#__asm__		/^$/;"	c:	p:§–¨¬—æ,
1081#__ASMNAME		/^$/;"	c:—ç,	p:§–¨¬—æ‚™·×Ø
1082#__REDIRECT_NTHNL		/^$/;"	c:—ä‚”–	p:
1083#__ASMNAME2		/^$/;"	c:—Ö,	p:—å,
1084#__attribute_malloc__		/^$/;"	c:­,	p:
1085#__attribute_alloc_size__		/^$/;"	c:­,	p:
1086#__attribute_pure__		/^$/;"	c:­,	p:
1087#__attribute_const__		/^$/;"	c:­,	p:
1088#__attribute_used__		/^$/;"	c:­,	p:
1089#__attribute_noinline__		/^$/;"	c:­,	p:
1090#__attribute_deprecated__		/^$/;"	c:­,	p:
1091#__attribute_deprecated_msg__		/^$/;"	c:­‚•¡	p:
1092#__deprecated__		/^$/;"	c:	p:—ğ,
1093#__attribute_format_arg__		/^$/;"	c:­‚•·	p:
1094#__format_arg__		/^$/;"	c:	p:—ò,
1095#__attribute_format_strfmon__		/^$/;"	c:­ƒĞ,	p:
1096#__attribute_warn_unused_result__		/^$/;"	c:­,	p:
1098#__always_inline		/^$/;"	c:­,	p:
1099#__attribute_artificial__		/^$/;"	c:­,	p:
11#getaddrinfo		/^$/;"	c:	p:ã¢,
1100#__extern_inline		/^$/;"	c:­,	p:
1101#__extern_always_inline		/^$/;"	c:­,	p:
1103#__builtin_va_arg_pack		/^$/;"	c:	p:ÚÂ
1104#__va_arg_pack_len		/^$/;"	c:˜‘,	p:
1105#__builtin_va_arg_pack_len		/^$/;"	c:	p:˜,
1108#__builtin_expect		/^$/;"	c:	p:çØ˜•,
1109#__glibc_likely		/^$/;"	c:˜”,	p:
1110#__glibc_has_attribute		/^$/;"	c:˜˜,	p:
1111#__has_attribute		/^$/;"	c:	p:˜—,
1113#_Noreturn		/^$/;"	c:­,	p:
1114#__attribute_nonstring__		/^$/;"	c:­,	p:
1115#__attribute_copy__		/^$/;"	c:­‚˜Í	p:
1116#__copy__		/^$/;"	c:	p:˜œ,
1117#_Static_assert		/^$/;"	c:˜Ÿ,	p:
1118#__Static_assert_function		/^$/;"	c:	p:˜,
1120#__LDBL_REDIR1		/^$/;"	c:§–	p:˜£‚™Í
1121#__LDBL_REDIR		/^$/;"	c:˜¢,	p:
1122#__LDBL_REDIR1_NTH		/^$/;"	c:¨¬	p:˜¥‚™Ø
1123#__LDBL_REDIR_NTH		/^$/;"	c:˜¤,	p:
1124#__LDBL_REDIR1_DECL		/^$/;"	c:˜§„”‚”–	p:
1125#__typeof		/^$/;"	c:	p:˜¦‡ö,
1126#__REDIRECT_LDBL		/^$/;"	c:˜¢ƒÄ,	p:
1127#__REDIRECT_NTH_LDBL		/^$/;"	c:˜¤ƒÑ,	p:
1128#__glibc_macro_warning1		/^$/;"	c:˜«,	p:—–
1129#_Pragma		/^$/;"	c:	p:˜ª,
12#gai_strerror		/^$/;"	c:	p:ã
1232#__cleanup_fct_attribute		/^$/;"	c:­‚¥¬	p:
1233#__regparm__		/^$/;"	c:	p:™¯,
13#printf		/^$/;"	c:ÛÂÚÂ	p:ã¢,
130#NI_IDN_ALLOW_UNASSIGNED		/^$/;"	c:—–	p:
131#NI_IDN_USE_STD3_ASCII_RULES		/^$/;"	c:—–	p:
132#getnameinfo		/^$/;"	c:	p:¢,
133#getaddrinfo_a		/^$/;"	c:	p:¢,
134#gai_suspend		/^$/;"	c:	p:¢,
14#inet_ntop		/^$/;"	c:	p:ã
15#freeaddrinfo		/^$/;"	c:	p:ã
16#/usr/include/arpa/inet.h		/^$/;"	c:Ÿˆ,	p:
18#features.h		/^$/;"	c:	p:ˆì‰ÈŠ«‚‘·
182#IN_CLASSD		/^$/;"	c:	p:Ÿ¬
183#IN_MULTICAST		/^$/;"	c:Ÿ¡	p:
2#string.h		/^$/;"	c:	p:‹
20#inet_addr		/^$/;"	c:­…–º…¬¼…Â¾…ØÀ…îÃ†–Å†¬Ç†ÂÉ†ØË†îÎ‡–Ğ‡¬Ò‡ÂÔ‡ØÖ‡îÙˆ–Ûˆ¬İˆÂßˆØáˆîä‰–æ‰¬è‰Âê‰Øì‰î˜‚¯‚°‚±ƒÄƒÆƒÇƒÈƒÉƒÌŠ‚¬¨‹¨–¨¡¨¬©‹©–©¡©¬©·©Â©Í©Ø©ã©îª‹ª–ª¡ª¬ª·ªÂªÍªØªãªî«‹«–«¡«·«Â«Í«Ø«ã«î­‹­–­¡­¬­Í­Ø­ã­î	p:
204#ntohl		/^$/;"	c:¢Â£‹	p:£Ø
205#__uint32_identity		/^$/;"	c:	p:¢·¢ãë·ëÍë¬ëÂ
206#ntohs		/^$/;"	c:¢Ø£–	p:
207#__uint16_identity		/^$/;"	c:	p:¢Í¢îë‹ë¡êîë–
208#htonl		/^$/;"	c:¢Â£‹	p:£¬£·£Â£Í
209#htons		/^$/;"	c:¢Ø£–	p:
210#__bswap_32		/^$/;"	c:¯¬³Ø³Í	p:¢·¢ãë¬ëÂë·ëÍ
211#__bswap_16		/^$/;"	c:	p:¢Í¢îêîë–ë‹ë¡
213#IN6_IS_ADDR_LOOPBACK		/^$/;"	c:¢ã	p:
214#IN6_IS_ADDR_LINKLOCAL		/^$/;"	c:¢ã	p:
215#IN6_IS_ADDR_SITELOCAL		/^$/;"	c:¢ã	p:
216#IN6_IS_ADDR_V4MAPPED		/^$/;"	c:¢ã	p:
217#IN6_IS_ADDR_V4COMPAT		/^$/;"	c:¢·	p:
219#IN6_IS_ADDR_MULTICAST		/^$/;"	c:	p:¤‹¤–¤¡¤¬¤·
220#IN6_IS_ADDR_MC_NODELOCAL		/^$/;"	c:£î	p:
221#IN6_IS_ADDR_MC_LINKLOCAL		/^$/;"	c:£î	p:
222#IN6_IS_ADDR_MC_SITELOCAL		/^$/;"	c:£î	p:
223#IN6_IS_ADDR_MC_ORGLOCAL		/^$/;"	c:£î	p:
224#IN6_IS_ADDR_MC_GLOBAL		/^$/;"	c:£î	p:
251#__REDIRECT		/^$/;"	c:—ä‚”–	p:¢ˆ¹ˆ¼ˆ¿ˆÃˆÆ‚™‹˜¨,
253#fclose		/^$/;"	c:	p:¢,
254#fflush		/^$/;"	c:	p:¢,
255#fflush_unlocked		/^$/;"	c:	p:¢,
256#fcloseall		/^$/;"	c:	p:¢,
259#__GLIBC_USE		/^$/;"	c:	p:¢„“‡ö,
260#vfprintf		/^$/;"	c:ÛÍ	p:¢‡ö,
261#vprintf		/^$/;"	c:ÛÍÛØ	p:¢,
262#__format__		/^$/;"	c:	p:¢ˆªˆ¯‚•Â
263#__REDIRECT_NTH		/^$/;"	c:—ä‚”–	p:¢„¢ˆå‚™¡˜©,
270#fgetc		/^$/;"	c:	p:¢,
271#getc		/^$/;"	c:	p:¢ƒÛ,
272#getchar		/^$/;"	c:©–	p:¢,
273#getc_unlocked		/^$/;"	c:Ù‹	p:¢ˆ”ˆÆ,
274#getchar_unlocked		/^$/;"	c:Ù‹	p:¢,
275#fgetc_unlocked		/^$/;"	c:Ù‹	p:¢,
276#fputc		/^$/;"	c:	p:¢,
277#putc		/^$/;"	c:	p:¢ƒá,
278#putchar		/^$/;"	c:©Ø	p:¢,
279#fputc_unlocked		/^$/;"	c:Ù–	p:¢,
28#h_errno		/^$/;"	c:«,	p:
280#putc_unlocked		/^$/;"	c:Ù–	p:¢ƒí,
281#putchar_unlocked		/^$/;"	c:Ù–	p:¢,
282#getw		/^$/;"	c:	p:¢,
283#putw		/^$/;"	c:	p:¢,
284#fputs		/^$/;"	c:	p:¢,
285#puts		/^$/;"	c:	p:¢,
286#ungetc		/^$/;"	c:	p:¢,
287#fwrite		/^$/;"	c:	p:¢,
288#fputs_unlocked		/^$/;"	c:	p:¢,
289#fwrite_unlocked		/^$/;"	c:ÙîÖ·ª‹ªî	p:¢ƒí,
29#__h_errno_location		/^$/;"	c:	p:ª,
290#fseek		/^$/;"	c:	p:¢,
291#rewind		/^$/;"	c:	p:¢,
292#fseeko		/^$/;"	c:	p:¢,
294#fgetpos		/^$/;"	c:	p:¢,
295#fsetpos		/^$/;"	c:	p:¢,
296#fseeko64		/^$/;"	c:	p:¢,
297#fgetpos64		/^$/;"	c:	p:¢,
298#fsetpos64		/^$/;"	c:	p:¢,
299#perror		/^$/;"	c:	p:¢,
3#sys/types.h		/^$/;"	c:	p:‹
30#__attribute__		/^$/;"	c:	p:¢ˆªˆ¯‚‘Ø—Ë‚‘îÔÍ—Î‚“¬İ¡—ß‚”·—é‚”Í—ë‚”ã—í‚•‹—ğ‚•¬—ô„’‚•Í—÷‚•î˜Œ‚—–˜š‚˜·˜œ‚¥¡
300#pclose		/^$/;"	c:	p:¢,
301#cuserid		/^$/;"	c:	p:¢,
302#__uflow		/^$/;"	c:	p:¢ˆŒ,
303#__overflow		/^$/;"	c:	p:¢ˆ,
306#__nonnull		/^$/;"	c:­,	p:¢„“„„Ÿ„¢„İˆİŠ®Š±Š³,
307#memchr		/^$/;"	c:­Í­ã§î®Í®Ø	p:¢,
308#__asm		/^$/;"	c:	p:¢„“„„Ÿ„¢Š®Š±‚™·×Ø
309#__builtin_memchr		/^$/;"	c:	p:¢,
310#strdupa		/^$/;"	c:®–®¡®¬	p:
311#strlen		/^$/;"	c:	p:®‹
312#__builtin_alloca		/^$/;"	c:	p:®‹®·
313#memcpy		/^$/;"	c:ßÍÖ¬	p:®‹®·
314#strndupa		/^$/;"	c:®Â®¡®¬	p:
315#strnlen		/^$/;"	c:	p:®·
316#strrchr		/^$/;"	c:­Í­ã®ã®î	p:­Ø
317#__builtin_strrchr		/^$/;"	c:	p:­Ø
318#strpbrk		/^$/;"	c:­Í¯‹­ã¯–	p:®Í
319#__builtin_strpbrk		/^$/;"	c:	p:®Í
320#strstr		/^$/;"	c:­Í­ã¨¬¯¬°¡°¬°·°Â°Í°Ø°ã°î±‹±–±¡³Â³·	p:®ã
321#__builtin_strstr		/^$/;"	c:	p:®ã
323#__GNUC_PREREQ		/^$/;"	c:	p:¯‹£‹³î—Š³‚’¬
330#__SOCKADDR_ALLTYPES		/^$/;"	c:°–	p:
331#__SOCKADDR_ONETYPE		/^$/;"	c:	p:°‹
332#connect		/^$/;"	c:	p:¯‹
333#send		/^$/;"	c:	p:¯‹
334#recv		/^$/;"	c:Ö¬Ö·ÖÂÖÍÖØ	p:¯‹
335#sendto		/^$/;"	c:	p:¯‹
336#recvfrom		/^$/;"	c:Ö¬Ö·ÖãÖî×‹	p:¯‹
337#sendmsg		/^$/;"	c:	p:¯‹
338#sendmmsg		/^$/;"	c:	p:¯‹
339#recvmsg		/^$/;"	c:	p:¯‹
340#recvmmsg		/^$/;"	c:	p:¯‹
341#accept		/^$/;"	c:	p:¯‹
342#accept4		/^$/;"	c:	p:¯‹
364#__bswap_constant_16		/^$/;"	c:	p:¯‹
365#__builtin_bswap16		/^$/;"	c:	p:¯‹
366#__bswap_constant_32		/^$/;"	c:	p:£‹
367#__builtin_bswap32		/^$/;"	c:	p:£‹
368#__bswap_constant_64		/^$/;"	c:	p:³î
369#__bswap_64		/^$/;"	c:¯¬´‹³ã	p:ëØëîëãì‹
370#__builtin_bswap64		/^$/;"	c:	p:³î
371#/usr/include/bits/getopt_posix.h		/^$/;"	c:´¬Ö–	p:
373#bits/getopt_core.h		/^$/;"	c:	p:´–
374#__posix_getopt		/^$/;"	c:­ÍÔÍÔ¡	p:
4#sys/socket.h		/^$/;"	c:	p:‹
41#sethostent		/^$/;"	c:	p:¢,
42#endhostent		/^$/;"	c:	p:¢,
43#gethostent		/^$/;"	c:	p:¢,
44#gethostbyaddr		/^$/;"	c:	p:¢,
45#gethostbyname		/^$/;"	c:	p:¢,
46#gethostbyname2		/^$/;"	c:	p:¢,
47#gethostent_r		/^$/;"	c:	p:¢,
48#gethostbyaddr_r		/^$/;"	c:	p:¢,
49#gethostbyname_r		/^$/;"	c:	p:¢,
5#netdb.h		/^$/;"	c:	p:‹
50#gethostbyname2_r		/^$/;"	c:	p:¢,
51#setnetent		/^$/;"	c:	p:¢,
52#endnetent		/^$/;"	c:	p:¢,
53#getnetent		/^$/;"	c:	p:¢,
54#getnetbyaddr		/^$/;"	c:	p:¢,
55#getnetbyname		/^$/;"	c:	p:¢,
56#getnetent_r		/^$/;"	c:	p:¢,
57#getnetbyaddr_r		/^$/;"	c:	p:¢,
58#getnetbyname_r		/^$/;"	c:	p:¢,
59#setservent		/^$/;"	c:	p:¢,
6#arpa/inet.h		/^$/;"	c:	p:‹
60#endservent		/^$/;"	c:	p:¢,
61#getservent		/^$/;"	c:	p:¢,
62#getservbyname		/^$/;"	c:	p:¢,
63#getservbyport		/^$/;"	c:	p:¢,
64#getservent_r		/^$/;"	c:	p:¢,
65#getservbyname_r		/^$/;"	c:	p:¢,
659#CMSG_NXTHDR		/^$/;"	c:Ô‹	p:
66#getservbyport_r		/^$/;"	c:	p:¢,
660#__cmsg_nxthdr		/^$/;"	c:	p:Óî
662#CMSG_ALIGN		/^$/;"	c:	p:Ô¬Ô·´·
663#CMSG_SPACE		/^$/;"	c:Ô¡	p:
664#CMSG_LEN		/^$/;"	c:Ô¡	p:
666#__NTH		/^$/;"	c:­‚’–	p:´·Ú¡ÚîÜ¡à·á–
67#setprotoent		/^$/;"	c:	p:¢,
68#endprotoent		/^$/;"	c:	p:¢,
681#asm/socket.h		/^$/;"	c:	p:´–
683#__bos0		/^$/;"	c:—Û,	p:°·°ÍİØŞ¬®¬ßØßî—ˆİŠ³ŠÜ,
684#__builtin_constant_p		/^$/;"	c:	p:°·°ÍÙãªîİ·İØŞ‹Ş¬—ˆåŠ¸,
685#__recv_chk		/^$/;"	c:	p:°·
686#__recv_chk_warn		/^$/;"	c:	p:°·
687#__recv_alias		/^$/;"	c:	p:°·
688#__recvfrom_chk		/^$/;"	c:	p:°Í
689#__recvfrom_chk_warn		/^$/;"	c:	p:°Í
69#getprotoent		/^$/;"	c:	p:¢,
690#__recvfrom_alias		/^$/;"	c:	p:°Í
691#/usr/include/bits/stdint-intn.h		/^$/;"	c:×¬	p:
693#bits/types.h		/^$/;"	c:	p:×–×·å·åØåîæ–æ¬æãçÂèÍèãé‹é¡øØ
694#/usr/include/bits/stdint-uintn.h		/^$/;"	c:×¬	p:
697#__LDBL_REDIR_DECL		/^$/;"	c:§î¨‹˜§„”‚”–	p:
7#netinet/in.h		/^$/;"	c:	p:‹,
70#getprotobyname		/^$/;"	c:	p:¢,
700#__getc_unlocked_body		/^$/;"	c:çØ­¡	p:©Â©¬©·
701#__putc_unlocked_body		/^$/;"	c:çØ­¬	p:©îª‹ª–
702#getline		/^$/;"	c:Ù¬	p:
703#__getdelim		/^$/;"	c:	p:Ù¡
704#feof_unlocked		/^$/;"	c:ÙÂ	p:
705#__feof_unlocked_body		/^$/;"	c:	p:Ù·
706#ferror_unlocked		/^$/;"	c:ÙØ	p:
707#__ferror_unlocked_body		/^$/;"	c:	p:ÙÍ
708#fread_unlocked		/^$/;"	c:ÙîÖ·©¬Ùã	p:Ùã
709#__extension__		/^$/;"	c:	p:Ùãªî
71#getprotobynumber		/^$/;"	c:	p:¢,
712#__sprintf_chk		/^$/;"	c:ÔÍÚ¬Ú·ÚÂ	p:
713#__builtin___sprintf_chk		/^$/;"	c:	p:Ú¡ÚÍ
714#__bos		/^$/;"	c:—Û,	p:Ú¡ÚÍÚØÚîÛ–Û¡İ–İ·Ş‹àÂàØàîá–á¬áÂ
715#__va_arg_pack		/^$/;"	c:˜,	p:Ú¡Úîîšˆªˆ¯ˆ°ˆ±,
716#sprintf		/^$/;"	c:Ú¬Ú·	p:
717#vsprintf		/^$/;"	c:ÚãÚ·	p:
718#__builtin___vsprintf_chk		/^$/;"	c:	p:ÚØ
719#__snprintf_chk		/^$/;"	c:ÔÍÛ‹Ú·ÚÂ	p:
72#getprotoent_r		/^$/;"	c:	p:¢,
720#__builtin___snprintf_chk		/^$/;"	c:	p:ÚîÛ–
721#snprintf		/^$/;"	c:Û‹Ú·	p:
722#vsnprintf		/^$/;"	c:Û¬Ú·	p:
723#__builtin___vsnprintf_chk		/^$/;"	c:	p:Û¡
724#__fprintf_chk		/^$/;"	c:	p:î
725#__printf_chk		/^$/;"	c:	p:š,
726#__vfprintf_chk		/^$/;"	c:	p:¨–¨‹
727#__vprintf_chk		/^$/;"	c:	p:¨–
728#__dprintf_chk		/^$/;"	c:­ƒĞˆªˆœ,	p:ÛãÛî
729#dprintf		/^$/;"	c:Ûã	p:
73#getprotobyname_r		/^$/;"	c:	p:¢,
730#vdprintf		/^$/;"	c:Ü–	p:
731#__vdprintf_chk		/^$/;"	c:	p:Ü‹
732#__asprintf_chk		/^$/;"	c:­ƒĞ‡Ôˆ¯ˆœ,	p:Ü¡Ü¬ÜÍ
733#__asprintf		/^$/;"	c:Ü¡ÚÂ	p:
734#obstack_printf		/^$/;"	c:ÜÂÚÂ	p:
735#__obstack_printf_chk		/^$/;"	c:	p:Ü·
736#asprintf		/^$/;"	c:Ü¡	p:
737#vasprintf		/^$/;"	c:Üã	p:
738#__vasprintf_chk		/^$/;"	c:	p:ÜØ
739#obstack_vprintf		/^$/;"	c:İ‹	p:
74#getprotobynumber_r		/^$/;"	c:	p:¢,
740#__obstack_vprintf_chk		/^$/;"	c:	p:Üî
741#__gets_chk		/^$/;"	c:§–İ¡Ú·İ–İ¬	p:İ–
742#__warnattr		/^$/;"	c:­‚“Â	p:İ–İ·İØŞ‹Ş¬òÍ
743#__gets_warn		/^$/;"	c:	p:İ–
744#__fgets_chk		/^$/;"	c:§–İ¡Ú·Ö·İ·İÂİÍ	p:İ·
745#__fgets_chk_warn		/^$/;"	c:	p:İ·
746#__fgets_alias		/^$/;"	c:	p:İ·
747#__fread_chk		/^$/;"	c:§–İ¡Ö¬Ö·İØİãİî	p:İØ
748#__fread_chk_warn		/^$/;"	c:	p:İØ
749#__fread_alias		/^$/;"	c:	p:İØ
75#setnetgrent		/^$/;"	c:	p:¢,
750#__fgets_unlocked_chk		/^$/;"	c:§–İ¡Ú·Ö·Ş‹Ş–Ş¡	p:Ş‹
751#__fgets_unlocked_chk_warn		/^$/;"	c:	p:Ş‹
752#__fgets_unlocked_alias		/^$/;"	c:	p:Ş‹
753#__fread_unlocked_chk		/^$/;"	c:§–İ¡Ö¬Ö·Ş¬Ş·©¬ŞÂ	p:Ş¬
754#__fread_unlocked_chk_warn		/^$/;"	c:	p:Ş¬
755#__fread_unlocked_alias		/^$/;"	c:	p:Ş¬
76#endnetgrent		/^$/;"	c:	p:¢,
764#/usr/include/bits/string_fortified.h		/^$/;"	c:à¬	p:
766#__builtin___memcpy_chk		/^$/;"	c:	p:®¬
767#memmove		/^$/;"	c:ßãÖ¬	p:
768#__builtin___memmove_chk		/^$/;"	c:	p:ßØòÍ
769#mempcpy		/^$/;"	c:à‹Ö¬	p:
77#getnetgrent		/^$/;"	c:	p:¢,
770#__builtin___mempcpy_chk		/^$/;"	c:	p:ßî
771#__warn_memset_zero_len		/^$/;"	c:	p:—,
772#__builtin___memset_chk		/^$/;"	c:	p:—ŠÜ,
773#bits/strings_fortified.h		/^$/;"	c:	p:ß·
774#__explicit_bzero_chk		/^$/;"	c:­ÍÔÍà·Ö¬	p:à·
775#strcpy		/^$/;"	c:àÍÚ·	p:
776#__builtin___strcpy_chk		/^$/;"	c:	p:àÂ
777#stpcpy		/^$/;"	c:àãÚ·	p:
778#__builtin___stpcpy_chk		/^$/;"	c:	p:àØ
779#strncpy		/^$/;"	c:á‹Ú·	p:
78#innetgr		/^$/;"	c:	p:¢,
780#__builtin___strncpy_chk		/^$/;"	c:	p:àî
781#__stpncpy_chk		/^$/;"	c:¨¬ÔÍÚ·Ö·á–á¡	p:á–
782#__stpncpy_alias		/^$/;"	c:	p:á–
783#strcat		/^$/;"	c:á·Ú·	p:
784#__builtin___strcat_chk		/^$/;"	c:	p:á¬
785#strncat		/^$/;"	c:áÍÚ·	p:
786#__builtin___strncat_chk		/^$/;"	c:	p:áÂ
788#/usr/include/bits/types.h		/^$/;"	c:Ÿˆïˆğ‰“‰”,	p:
79#getnetgrent_r		/^$/;"	c:	p:¢,
790#bits/wordsize.h		/^$/;"	c:	p:áãæã
791#bits/timesize.h		/^$/;"	c:	p:áã
8#main		/^$/;"	c:î—‚–™‚¬›‚Â	p:
80#rcmd		/^$/;"	c:	p:¢,
807#bits/typesizes.h		/^$/;"	c:	p:áã
808#bits/time64.h		/^$/;"	c:	p:áã
81#rcmd_af		/^$/;"	c:	p:¢,
814#/usr/include/bits/types/__fpos64_t.h		/^$/;"	c:×¬åÍ	p:
816#bits/types/__mbstate_t.h		/^$/;"	c:	p:å·åØ
817#/usr/include/bits/types/__fpos_t.h		/^$/;"	c:×¬åÍ	p:
819#/usr/include/bits/types/clock_t.h		/^$/;"	c:×¬	p:
82#rexec		/^$/;"	c:	p:¢,
821#/usr/include/bits/types/clockid_t.h		/^$/;"	c:×¬	p:
823#/usr/include/bits/types/cookie_io_functions_t.h		/^$/;"	c:×¬	p:
825#/usr/include/bits/types/locale_t.h		/^$/;"	c:æØ	p:
827#bits/types/__locale_t.h		/^$/;"	c:	p:æÂ
828#/usr/include/bits/types/sigevent_t.h		/^$/;"	c:â‹×¬ç‹	p:
83#rexec_af		/^$/;"	c:	p:¢,
830#bits/types/__sigval_t.h		/^$/;"	c:	p:æã
835#/usr/include/bits/types/struct_FILE.h		/^$/;"	c:×¬	p:
837#__glibc_unlikely		/^$/;"	c:˜”,	p:Ù‹Ù–
84#ruserok		/^$/;"	c:	p:¢,
841#/usr/include/bits/types/struct_iovec.h		/^$/;"	c:è¬	p:
843#stddef.h		/^$/;"	c:	p:è–ñî
846#/usr/include/bits/types/struct_timespec.h		/^$/;"	c:×¬	p:
848#/usr/include/bits/types/time_t.h		/^$/;"	c:×¬	p:
85#ruserok_af		/^$/;"	c:	p:¢,
850#/usr/include/bits/types/timer_t.h		/^$/;"	c:×¬	p:
852#/usr/include/bits/uintn-identity.h		/^$/;"	c:×¬	p:
854#__uint64_identity		/^$/;"	c:	p:ëãì‹ëØëî
855#/usr/include/endian.h		/^$/;"	c:Ÿ‰Î‰Õ‰Ö,	p:
86#iruserok		/^$/;"	c:	p:¢,
860#bits/endian.h		/^$/;"	c:	p:éÂ
867#bits/byteswap.h		/^$/;"	c:	p:éÂ
868#bits/uintn-identity.h		/^$/;"	c:	p:éÂ
869#htobe16		/^$/;"	c:£–¢Ø	p:
87#iruserok_af		/^$/;"	c:	p:¢,
870#htole16		/^$/;"	c:¢Ø£–	p:
871#be16toh		/^$/;"	c:£–¢Ø	p:
872#le16toh		/^$/;"	c:¢Ø£–	p:
873#htobe32		/^$/;"	c:£‹¢Â	p:
874#htole32		/^$/;"	c:¢Â£‹	p:
875#be32toh		/^$/;"	c:£‹¢Â	p:
876#le32toh		/^$/;"	c:¢Â£‹	p:
877#htobe64		/^$/;"	c:³îé·	p:
878#htole64		/^$/;"	c:é·³î	p:
879#be64toh		/^$/;"	c:³îé·	p:
88#rresvport		/^$/;"	c:	p:¢,
880#le64toh		/^$/;"	c:é·³î	p:
881#/usr/include/features.h		/^$/;"	c:ñ–ñÍñã	p:
884#__glibc_clang_prereq		/^$/;"	c:	p:—Ñ,
89#rresvport_af		/^$/;"	c:	p:¢,
9#fprintf		/^$/;"	c:Û·ÚÂ	p:ã¢,
921#stdc-predef.h		/^$/;"	c:	p:ì–
926#sys/cdefs.h		/^$/;"	c:	p:ì–
928#gnu/stubs.h		/^$/;"	c:	p:ì–
929#/usr/include/rpc/netdb.h		/^$/;"	c:Ÿ‰»,	p:
931#setrpcent		/^$/;"	c:­Íò·­ãòÂ	p:
934#index		/^$/;"	c:­ÍòÍ­ãòØ	p:ò–
935#__builtin_index		/^$/;"	c:	p:ò–
936#rindex		/^$/;"	c:­Í¯¬İ¡ßãÖ¬	p:ò·
937#__builtin_rindex		/^$/;"	c:	p:ò·
940#__FD_ELT		/^$/;"	c:Ö·ôØôã	p:óÍóãô‹
941#__FD_MASK		/^$/;"	c:	p:óÍóãô‹
942#__FDS_BITS		/^$/;"	c:	p:ô¡óÍóãô‹
945#FD_SET		/^$/;"	c:óÍ	p:
946#__FD_SET		/^$/;"	c:ó¡ó‹ó–	p:óÂ
947#FD_CLR		/^$/;"	c:óã	p:
948#__FD_CLR		/^$/;"	c:ó¡ó‹ó–	p:óØ
949#FD_ISSET		/^$/;"	c:ô‹	p:
950#__FD_ISSET		/^$/;"	c:ó¡ó‹ó–	p:óî
951#FD_ZERO		/^$/;"	c:ô¡	p:
952#__FD_ZERO		/^$/;"	c:ôÍó¡	p:ô–
956#__volatile__		/^$/;"	c:	p:ô¡
957#__fdelt_warn		/^$/;"	c:	p:ó‹
958#__fdelt_chk		/^$/;"	c:	p:ó‹
973#bzero		/^$/;"	c:à¡Ö¬	p:
974#/usr/include/bits/thread-shared-types.h		/^$/;"	c:öÍ	p:
976#bits/pthreadtypes-arch.h		/^$/;"	c:	p:ö·
994#/usr/include/bits/types/sigset_t.h		/^$/;"	c:øÍ	p:
996#bits/types/__sigset_t.h		/^$/;"	c:	p:ø·
997#/usr/include/bits/types/struct_timeval.h		/^$/;"	c:×¬	p:
